<?xml version="1.0" encoding="UTF-8"?>
<!-- Generated by org.testng.reporters.JUnitReportReporter -->
<testsuite hostname="luminos-Mac-mini-2.local" failures="0" tests="3" name="com.ci.runner.Runner" time="29.267" errors="0" timestamp="2024-11-12T18:18:10 IST" skipped="0">
  <testcase classname="com.ci.runner.Runner" name="login" time="13.501"/>
  <system-out>
    <![CDATA[User Logged successfully]]>
  </system-out>
  <testcase classname="com.ci.runner.Runner" name="createPost" time="12.674"/>
  <system-out/>
  <testcase classname="com.ci.runner.Runner" name="editPost" time="3.092"/>
  <system-out/>
</testsuite> <!-- com.ci.runner.Runner -->
