<?xml version="1.0" encoding="UTF-8"?>
<!-- Generated by org.testng.reporters.JUnitReportReporter -->
<testsuite hostname="luminos-Mac-mini-2.local" failures="0" tests="1" name="com.ci.runner.Runner" time="0.001" errors="0" timestamp="2024-10-28T12:41:37 IST" skipped="0">
  <testcase classname="com.ci.runner.Runner" name="login" time="0.001"/>
</testsuite> <!-- com.ci.runner.Runner -->
